c:\users\александр\documents\visual studio 2015\projects\pzdc\pzdc\debug\pzdc.pch
c:\users\александр\documents\visual studio 2015\projects\pzdc\pzdc\debug\vc140.pdb
c:\users\александр\documents\visual studio 2015\projects\pzdc\pzdc\debug\vc140.idb
c:\users\александр\documents\visual studio 2015\projects\pzdc\pzdc\debug\stdafx.obj
c:\users\александр\documents\visual studio 2015\projects\pzdc\pzdc\debug\scanner.obj
c:\users\александр\documents\visual studio 2015\projects\pzdc\pzdc\debug\parser.obj
c:\users\александр\documents\visual studio 2015\projects\pzdc\pzdc\debug\pzdc.obj
c:\users\александр\documents\visual studio 2015\projects\pzdc\pzdc\debug\global.obj
c:\users\александр\documents\visual studio 2015\projects\pzdc\debug\pzdc.pdb
c:\users\александр\documents\visual studio 2015\projects\pzdc\pzdc\debug\pzdc.tlog\cl.command.1.tlog
c:\users\александр\documents\visual studio 2015\projects\pzdc\pzdc\debug\pzdc.tlog\cl.read.1.tlog
c:\users\александр\documents\visual studio 2015\projects\pzdc\pzdc\debug\pzdc.tlog\cl.write.1.tlog
c:\users\александр\documents\visual studio 2015\projects\pzdc\pzdc\debug\pzdc.tlog\link.2232-cvtres.read.1.tlog
c:\users\александр\documents\visual studio 2015\projects\pzdc\pzdc\debug\pzdc.tlog\link.2232-cvtres.write.1.tlog
c:\users\александр\documents\visual studio 2015\projects\pzdc\pzdc\debug\pzdc.tlog\link.2232-rc.read.1.tlog
c:\users\александр\documents\visual studio 2015\projects\pzdc\pzdc\debug\pzdc.tlog\link.2232-rc.write.1.tlog
c:\users\александр\documents\visual studio 2015\projects\pzdc\pzdc\debug\pzdc.tlog\link.2232.read.1.tlog
c:\users\александр\documents\visual studio 2015\projects\pzdc\pzdc\debug\pzdc.tlog\link.2232.write.1.tlog
c:\users\александр\documents\visual studio 2015\projects\pzdc\pzdc\debug\pzdc.tlog\link.command.1.tlog
c:\users\александр\documents\visual studio 2015\projects\pzdc\pzdc\debug\pzdc.tlog\link.read.1.tlog
c:\users\александр\documents\visual studio 2015\projects\pzdc\pzdc\debug\pzdc.tlog\link.write.1.tlog
