Сборка начата 12.12.2016 22:37:18.
     1>Проект "C:\Users\Александр\Documents\Visual Studio 2015\Projects\PZDC\PZDC\PZDC.vcxproj" в узле 2 (целевые объекты Build).
     1>ClCompile:
         C:\Program Files (x86)\Microsoft Visual Studio 14.0\VC\bin\CL.exe /c /Zi /nologo /W3 /WX- /sdl /O2 /Oi /Oy- /GL /D WIN32 /D NDEBUG /D _CONSOLE /D _UNICODE /D UNICODE /Gm- /EHsc /MD /GS /Gy /fp:precise /Zc:wchar_t /Zc:forScope /Zc:inline /Yc"stdafx.h" /Fp"Release\PZDC.pch" /Fo"Release\\" /Fd"Release\vc140.pdb" /Gd /TP /analyze- /errorReport:prompt stdafx.cpp
         stdafx.cpp
         C:\Program Files (x86)\Microsoft Visual Studio 14.0\VC\bin\CL.exe /c /Zi /nologo /W3 /WX- /sdl /O2 /Oi /Oy- /GL /D WIN32 /D NDEBUG /D _CONSOLE /D _UNICODE /D UNICODE /Gm- /EHsc /MD /GS /Gy /fp:precise /Zc:wchar_t /Zc:forScope /Zc:inline /Yu"stdafx.h" /Fp"Release\PZDC.pch" /Fo"Release\\" /Fd"Release\vc140.pdb" /Gd /TP /analyze- /errorReport:prompt Parser.cpp PZDC.cpp Scanner.cpp
         Parser.cpp
     1>Parser.cpp(4): warning C4627: #include "Parser.h": пропущен при поиске использования предкомпилированного заголовка
         Parser.cpp(4): note: Добавление директивы в "stdafx.h" или перестройка предкомпилированного заголовка
     1>Parser.cpp(5): warning C4627: #include "Scanner.h": пропущен при поиске использования предкомпилированного заголовка
         Parser.cpp(5): note: Добавление директивы в "stdafx.h" или перестройка предкомпилированного заголовка
     1>Parser.cpp(497): fatal error C1010: непредвиденный конец файла во время поиска предкомпилированного заголовка. Возможно, вы забыли добавить директиву "#include "stdafx.h"" в источник.
         PZDC.cpp
         Scanner.cpp
     1>Scanner.cpp(3): warning C4627: #include <memory.h>: пропущен при поиске использования предкомпилированного заголовка
         Scanner.cpp(3): note: Добавление директивы в "stdafx.h" или перестройка предкомпилированного заголовка
     1>Scanner.cpp(4): warning C4627: #include <string.h>: пропущен при поиске использования предкомпилированного заголовка
         Scanner.cpp(4): note: Добавление директивы в "stdafx.h" или перестройка предкомпилированного заголовка
     1>Scanner.cpp(5): warning C4627: #include "Scanner.h": пропущен при поиске использования предкомпилированного заголовка
         Scanner.cpp(5): note: Добавление директивы в "stdafx.h" или перестройка предкомпилированного заголовка
     1>Scanner.cpp(914): fatal error C1010: непредвиденный конец файла во время поиска предкомпилированного заголовка. Возможно, вы забыли добавить директиву "#include "stdafx.h"" в источник.
     1>Сборка проекта "C:\Users\Александр\Documents\Visual Studio 2015\Projects\PZDC\PZDC\PZDC.vcxproj" завершена (целевые объекты Build) с ошибкой.

Ошибка сборки.

Затраченное время: 00:00:00.46
